Using pre-set license
Built from '2020.3/release' branch; Version is '2020.3.27f1 (e759542391ea) revision 15161684'; Using compiler version '192528614'; Build Type 'Release'
OS: 'Windows 10  (10.0.19042) 64bit Professional' Language: 'de' Physical Memory: 16309 MB
BatchMode: 1, IsHumanControllingUs: 0, StartBugReporterOnCrash: 0, Is64bit: 1, IsPro: 0

COMMAND LINE ARGUMENTS:
C:\Program Files\Unity\Hub\Editor\2020.3.27f1\Editor\Unity.exe
-adb2
-batchMode
-noUpm
-name
AssetImportWorker0
-projectPath
C:/Users/memel/OneDrive/Dokumente/GitHub/The-Game/HRP
-logFile
Logs/AssetImportWorker0.log
-srvPort
63861
Successfully changed project path to: C:/Users/memel/OneDrive/Dokumente/GitHub/The-Game/HRP
C:/Users/memel/OneDrive/Dokumente/GitHub/The-Game/HRP
Using Asset Import Pipeline V2.
Refreshing native plugins compatible for Editor in 82.50 ms, found 2 plugins.
Preloading 0 native plugins for Editor in 0.00 ms.
Initialize engine version: 2020.3.27f1 (e759542391ea)
[Subsystems] Discovering subsystems at path C:/Program Files/Unity/Hub/Editor/2020.3.27f1/Editor/Data/Resources/UnitySubsystems
[Subsystems] Discovering subsystems at path C:/Users/memel/OneDrive/Dokumente/GitHub/The-Game/HRP/Assets
GfxDevice: creating device client; threaded=0
Direct3D:
    Version:  Direct3D 11.0 [level 11.1]
    Renderer: NVIDIA GeForce RTX 3070 (ID=0x2484)
    Vendor:   
    VRAM:     8043 MB
    Driver:   27.21.14.6647
Initialize mono
Mono path[0] = 'C:/Program Files/Unity/Hub/Editor/2020.3.27f1/Editor/Data/Managed'
Mono path[1] = 'C:/Program Files/Unity/Hub/Editor/2020.3.27f1/Editor/Data/MonoBleedingEdge/lib/mono/unityjit'
Mono config path = 'C:/Program Files/Unity/Hub/Editor/2020.3.27f1/Editor/Data/MonoBleedingEdge/etc'
Using monoOptions --debugger-agent=transport=dt_socket,embedding=1,server=y,suspend=n,address=127.0.0.1:56172
Begin MonoManager ReloadAssembly
Registering precompiled unity dll's ...
Register platform support module: C:/Program Files/Unity/Hub/Editor/2020.3.27f1/Editor/Data/PlaybackEngines/WindowsStandaloneSupport/UnityEditor.WindowsStandalone.Extensions.dll
Registered in 0.002420 seconds.
Native extension for WindowsStandalone target not found
Refreshing native plugins compatible for Editor in 105.06 ms, found 2 plugins.
Preloading 0 native plugins for Editor in 0.00 ms.
Mono: successfully reloaded assembly
- Completed reload, in  0.681 seconds
Domain Reload Profiling:
	ReloadAssembly (681ms)
		BeginReloadAssembly (62ms)
			ExecutionOrderSort (0ms)
			DisableScriptedObjects (0ms)
			BackupInstance (0ms)
			ReleaseScriptingObjects (0ms)
			CreateAndSetChildDomain (1ms)
		EndReloadAssembly (538ms)
			LoadAssemblies (60ms)
			RebuildTransferFunctionScriptingTraits (0ms)
			SetupTypeCache (178ms)
			ReleaseScriptCaches (0ms)
			RebuildScriptCaches (32ms)
			SetupLoadedEditorAssemblies (234ms)
				LogAssemblyErrors (0ms)
				InitializePlatformSupportModulesInManaged (4ms)
				SetLoadedEditorAssemblies (0ms)
				RefreshPlugins (105ms)
				BeforeProcessingInitializeOnLoad (8ms)
				ProcessInitializeOnLoadAttributes (86ms)
				ProcessInitializeOnLoadMethodAttributes (31ms)
				AfterProcessingInitializeOnLoad (0ms)
				EditorAssembliesLoaded (0ms)
			ExecutionOrderSort2 (0ms)
			AwakeInstancesAfterBackupRestoration (0ms)
Platform modules already initialized, skipping
Registering precompiled user dll's ...
Registered in 0.005933 seconds.
Begin MonoManager ReloadAssembly
Native extension for WindowsStandalone target not found
Refreshing native plugins compatible for Editor in 79.75 ms, found 2 plugins.
Preloading 0 native plugins for Editor in 0.00 ms.
Mono: successfully reloaded assembly
- Completed reload, in  1.211 seconds
Domain Reload Profiling:
	ReloadAssembly (1212ms)
		BeginReloadAssembly (122ms)
			ExecutionOrderSort (0ms)
			DisableScriptedObjects (3ms)
			BackupInstance (0ms)
			ReleaseScriptingObjects (0ms)
			CreateAndSetChildDomain (16ms)
		EndReloadAssembly (1037ms)
			LoadAssemblies (84ms)
			RebuildTransferFunctionScriptingTraits (0ms)
			SetupTypeCache (299ms)
			ReleaseScriptCaches (1ms)
			RebuildScriptCaches (68ms)
			SetupLoadedEditorAssemblies (494ms)
				LogAssemblyErrors (0ms)
				InitializePlatformSupportModulesInManaged (3ms)
				SetLoadedEditorAssemblies (0ms)
				RefreshPlugins (80ms)
				BeforeProcessingInitializeOnLoad (84ms)
				ProcessInitializeOnLoadAttributes (198ms)
				ProcessInitializeOnLoadMethodAttributes (124ms)
				AfterProcessingInitializeOnLoad (6ms)
				EditorAssembliesLoaded (0ms)
			ExecutionOrderSort2 (0ms)
			AwakeInstancesAfterBackupRestoration (5ms)
Platform modules already initialized, skipping
========================================================================
Worker process is ready to serve import requests
Launched and connected shader compiler UnityShaderCompiler.exe after 0.05 seconds
Refreshing native plugins compatible for Editor in 0.78 ms, found 2 plugins.
Preloading 0 native plugins for Editor in 0.00 ms.
Unloading 4246 Unused Serialized files (Serialized files now loaded: 0)
System memory in use before: 203.3 MB.
System memory in use after: 203.5 MB.

Unloading 25 unused Assets to reduce memory usage. Loaded Objects now: 4701.
Total: 3.643600 ms (FindLiveObjects: 0.302400 ms CreateObjectMapping: 0.123100 ms MarkObjects: 3.149100 ms  DeleteObjects: 0.068000 ms)

AssetImportParameters requested are different than current active one (requested -> active):
  custom:framework-win-MediaFoundation: 216162199b28c13a410421893ffa2e32 -> 
  custom:video-decoder-ogg-theora: a1e56fd34408186e4bbccfd4996cb3dc -> 
  custom:container-muxer-webm: aa71ff27fc2769a1b78a27578f13a17b -> 
  custom:container-demuxer-webm: 4f35f7cbe854078d1ac9338744f61a02 -> 
  custom:container-demuxer-ogg: 62fdf1f143b41e24485cea50d1cbac27 -> 
  custom:video-encoder-webm-vp8: eb34c28f22e8b96e1ab97ce403110664 -> 
  custom:video-decoder-webm-vp8: 9c59270c3fd7afecdb556c50c9e8de78 -> 
  custom:audio-decoder-ogg-vorbis: bf7c407c2cedff20999df2af8eb42d56 -> 
  custom:audio-encoder-webm-vorbis: bf7c407c2cedff20999df2af8eb42d56 -> 
========================================================================
Received Import Request.
  path: Assets/Bunny.gif
  artifactKey: Guid(425be1522bf70bc49976a4dffa9748b2) Importer(815301076,1909f56bfc062723c751e8b465ee728b)
Start importing Assets/Bunny.gif using Guid(425be1522bf70bc49976a4dffa9748b2) Importer(815301076,1909f56bfc062723c751e8b465ee728b)  -> (artifact id: '91d8676ef9d07282674fd085c2337ea7') in 0.106054 seconds 
  Import took 0.111286 seconds .

========================================================================
Received Import Request.
  Time since last request: 0.000219 seconds.
  path: Assets/Shader Graphs_New Shader Graph.mat
  artifactKey: Guid(7ef5f5f5ce666f748b7808dad40506a4) Importer(815301076,1909f56bfc062723c751e8b465ee728b)
Start importing Assets/Shader Graphs_New Shader Graph.mat using Guid(7ef5f5f5ce666f748b7808dad40506a4) Importer(815301076,1909f56bfc062723c751e8b465ee728b)  -> (artifact id: '59f039426160bb2c63a87bb39a778b88') in 0.769787 seconds 
  Import took 0.776462 seconds .

========================================================================
Received Import Request.
  Time since last request: 0.000158 seconds.
  path: Assets/grasstile_bottom.png
  artifactKey: Guid(dfa7812143303c549b122293a5ff4224) Importer(815301076,1909f56bfc062723c751e8b465ee728b)
Start importing Assets/grasstile_bottom.png using Guid(dfa7812143303c549b122293a5ff4224) Importer(815301076,1909f56bfc062723c751e8b465ee728b)  -> (artifact id: '8ed734c1b8297b4569c8efefcbf10618') in 0.010115 seconds 
  Import took 0.014941 seconds .

========================================================================
Received Import Request.
  Time since last request: 0.000159 seconds.
  path: Assets/Magier.png
  artifactKey: Guid(968f9dc287062f24681aaf2a89db8ea8) Importer(815301076,1909f56bfc062723c751e8b465ee728b)
Start importing Assets/Magier.png using Guid(968f9dc287062f24681aaf2a89db8ea8) Importer(815301076,1909f56bfc062723c751e8b465ee728b)  -> (artifact id: '4392ea48f589c24fae1ac0295b74905a') in 0.012972 seconds 
  Import took 0.017924 seconds .

========================================================================
Received Import Request.
  Time since last request: 0.000191 seconds.
  path: Assets/grass.png
  artifactKey: Guid(7425775cc80875041a7240b5fabad5dd) Importer(815301076,1909f56bfc062723c751e8b465ee728b)
Start importing Assets/grass.png using Guid(7425775cc80875041a7240b5fabad5dd) Importer(815301076,1909f56bfc062723c751e8b465ee728b)  -> (artifact id: 'f95c78ae14e19d4c28e3b89ea64c60c2') in 0.013185 seconds 
  Import took 0.019348 seconds .

========================================================================
Received Import Request.
  Time since last request: 0.000197 seconds.
  path: Assets/Character_Base2.png
  artifactKey: Guid(294f90f896295d442a8777a3ca758da5) Importer(815301076,1909f56bfc062723c751e8b465ee728b)
Start importing Assets/Character_Base2.png using Guid(294f90f896295d442a8777a3ca758da5) Importer(815301076,1909f56bfc062723c751e8b465ee728b)  -> (artifact id: '2c5e6733e9ecd7f54994556c3739219f') in 0.021071 seconds 
  Import took 0.026823 seconds .

========================================================================
Received Import Request.
  Time since last request: 0.000210 seconds.
  path: Assets/Character_front.png
  artifactKey: Guid(ce1d81bca305b3240b6c41f670a8021c) Importer(815301076,1909f56bfc062723c751e8b465ee728b)
Start importing Assets/Character_front.png using Guid(ce1d81bca305b3240b6c41f670a8021c) Importer(815301076,1909f56bfc062723c751e8b465ee728b)  -> (artifact id: 'e4f6e2c77a0093bf9de663650bfee7b9') in 0.014223 seconds 
  Import took 0.019287 seconds .

========================================================================
Received Import Request.
  Time since last request: 0.000171 seconds.
  path: Assets/water.png
  artifactKey: Guid(10bfa6a9efd7be04ca14a4614fe6c35f) Importer(815301076,1909f56bfc062723c751e8b465ee728b)
Start importing Assets/water.png using Guid(10bfa6a9efd7be04ca14a4614fe6c35f) Importer(815301076,1909f56bfc062723c751e8b465ee728b)  -> (artifact id: '237619a3ae6f7b78b7ad0591c66ab9bd') in 0.008683 seconds 
  Import took 0.013228 seconds .

========================================================================
Received Import Request.
  Time since last request: 0.000158 seconds.
  path: Assets/watertile.png
  artifactKey: Guid(3201a1dd7a4383a488250c7c0f03df42) Importer(815301076,1909f56bfc062723c751e8b465ee728b)
Start importing Assets/watertile.png using Guid(3201a1dd7a4383a488250c7c0f03df42) Importer(815301076,1909f56bfc062723c751e8b465ee728b)  -> (artifact id: '276cec69f79493aac236813f92ffd1e2') in 0.008797 seconds 
  Import took 0.013869 seconds .

========================================================================
Received Import Request.
  Time since last request: 0.000162 seconds.
  path: Assets/Plane.prefab
  artifactKey: Guid(0c91c8fcaf1ea4c4db8ad85cf7f761df) Importer(815301076,1909f56bfc062723c751e8b465ee728b)
Start importing Assets/Plane.prefab using Guid(0c91c8fcaf1ea4c4db8ad85cf7f761df) Importer(815301076,1909f56bfc062723c751e8b465ee728b)  -> (artifact id: '6a5ae1f33ac356fbb6fb596763bb0918') in 0.682895 seconds 
  Import took 0.688453 seconds .

========================================================================
Received Import Request.
  Time since last request: 0.000210 seconds.
  path: Assets/grasstile.png
  artifactKey: Guid(1b95a0245621b9a4b8ebde19bd0f0b13) Importer(815301076,1909f56bfc062723c751e8b465ee728b)
Start importing Assets/grasstile.png using Guid(1b95a0245621b9a4b8ebde19bd0f0b13) Importer(815301076,1909f56bfc062723c751e8b465ee728b)  -> (artifact id: '95fd39051d7201d859f0918ae4cfc100') in 0.009884 seconds 
  Import took 0.015615 seconds .

========================================================================
Received Import Request.
  Time since last request: 0.000192 seconds.
  path: Assets/Baum_Kiefer.png
  artifactKey: Guid(16ea733ffcae0544fa78aee0b79c60d4) Importer(815301076,1909f56bfc062723c751e8b465ee728b)
Start importing Assets/Baum_Kiefer.png using Guid(16ea733ffcae0544fa78aee0b79c60d4) Importer(815301076,1909f56bfc062723c751e8b465ee728b)  -> (artifact id: '573275954bf520b1116d117c734f433c') in 0.013392 seconds 
  Import took 0.018871 seconds .

========================================================================
Received Import Request.
  Time since last request: 0.000236 seconds.
  path: Assets/watertile_top.png
  artifactKey: Guid(f5e1eb69870bed8479e94b2d67b58655) Importer(815301076,1909f56bfc062723c751e8b465ee728b)
Start importing Assets/watertile_top.png using Guid(f5e1eb69870bed8479e94b2d67b58655) Importer(815301076,1909f56bfc062723c751e8b465ee728b)  -> (artifact id: '5e6522e358a5f00efd3bc97dd97465af') in 0.009578 seconds 
  Import took 0.014894 seconds .

========================================================================
Received Import Request.
  Time since last request: 49.020739 seconds.
  path: Assets/SampleSceneAssets/TutorialInfo/#.mat
  artifactKey: Guid(ef52835bd9616a442b6763e9679b9d89) Importer(815301076,1909f56bfc062723c751e8b465ee728b)
Start importing Assets/SampleSceneAssets/TutorialInfo/#.mat using Guid(ef52835bd9616a442b6763e9679b9d89) Importer(815301076,1909f56bfc062723c751e8b465ee728b)  -> (artifact id: '6cb8fb75bfe9eb2945509ed54d35ec4b') in 0.419207 seconds 
  Import took 0.425498 seconds .

========================================================================
Received Import Request.
  Time since last request: 0.000153 seconds.
  path: Assets/SampleSceneAssets/TutorialInfo/Plane.prefab
  artifactKey: Guid(2278e5cd3de4499488291cd61e0b2ab5) Importer(815301076,1909f56bfc062723c751e8b465ee728b)
Start importing Assets/SampleSceneAssets/TutorialInfo/Plane.prefab using Guid(2278e5cd3de4499488291cd61e0b2ab5) Importer(815301076,1909f56bfc062723c751e8b465ee728b)  -> (artifact id: 'c49e04f2475a344910f10bbdc65a2cbb') in 0.027225 seconds 
  Import took 0.033499 seconds .

========================================================================
Received Import Request.
  Time since last request: 0.000186 seconds.
  path: Assets/SampleSceneAssets/TutorialInfo/Character_Base2.png
  artifactKey: Guid(70586f17b84813d4ba685eec8dbaf676) Importer(815301076,1909f56bfc062723c751e8b465ee728b)
Start importing Assets/SampleSceneAssets/TutorialInfo/Character_Base2.png using Guid(70586f17b84813d4ba685eec8dbaf676) Importer(815301076,1909f56bfc062723c751e8b465ee728b)  -> (artifact id: 'a6f760984e3c7cfb85878cc8ec3d2a39') in 0.037855 seconds 
  Import took 0.043169 seconds .

========================================================================
Received Import Request.
  Time since last request: 0.000226 seconds.
  path: Assets/SampleSceneAssets/TutorialInfo/water.png
  artifactKey: Guid(6253b64424154f84fbc434b4f851cf30) Importer(815301076,1909f56bfc062723c751e8b465ee728b)
Start importing Assets/SampleSceneAssets/TutorialInfo/water.png using Guid(6253b64424154f84fbc434b4f851cf30) Importer(815301076,1909f56bfc062723c751e8b465ee728b)  -> (artifact id: 'a48c27e2851107909f1dfeed99c1d536') in 0.006500 seconds 
  Import took 0.012587 seconds .

========================================================================
Received Import Request.
  Time since last request: 0.000211 seconds.
  path: Assets/SampleSceneAssets/TutorialInfo/Shader Graphs_New Shader Graph.mat
  artifactKey: Guid(5bbf2a0652ec498488bdbb578956f917) Importer(815301076,1909f56bfc062723c751e8b465ee728b)
Start importing Assets/SampleSceneAssets/TutorialInfo/Shader Graphs_New Shader Graph.mat using Guid(5bbf2a0652ec498488bdbb578956f917) Importer(815301076,1909f56bfc062723c751e8b465ee728b)  -> (artifact id: 'e9fc7d32c1a1d7b1e7d8fb47715d5eb1') in 0.024684 seconds 
  Import took 0.030925 seconds .

========================================================================
Received Import Request.
  Time since last request: 0.000211 seconds.
  path: Assets/SampleSceneAssets/TutorialInfo/grasstile_bottom.png
  artifactKey: Guid(9eb67e31f7fe2a4469df8b356979a2a4) Importer(815301076,1909f56bfc062723c751e8b465ee728b)
Start importing Assets/SampleSceneAssets/TutorialInfo/grasstile_bottom.png using Guid(9eb67e31f7fe2a4469df8b356979a2a4) Importer(815301076,1909f56bfc062723c751e8b465ee728b)  -> (artifact id: '48707c037ec0c37a257ff1d6c9754ec6') in 0.008132 seconds 
  Import took 0.013478 seconds .

========================================================================
Received Import Request.
  Time since last request: 0.000212 seconds.
  path: Assets/SampleSceneAssets/TutorialInfo/watertile.png
  artifactKey: Guid(906de6d717ebab741a5169ad58c153aa) Importer(815301076,1909f56bfc062723c751e8b465ee728b)
Start importing Assets/SampleSceneAssets/TutorialInfo/watertile.png using Guid(906de6d717ebab741a5169ad58c153aa) Importer(815301076,1909f56bfc062723c751e8b465ee728b)  -> (artifact id: '83da94ffd8cf451c7eeb795fef7bfb27') in 0.010754 seconds 
  Import took 0.016040 seconds .

========================================================================
Received Import Request.
  Time since last request: 0.000170 seconds.
  path: Assets/SampleSceneAssets/TutorialInfo/watertile_top.png
  artifactKey: Guid(a671aab9117abaf4b92e86916b5258e0) Importer(815301076,1909f56bfc062723c751e8b465ee728b)
Start importing Assets/SampleSceneAssets/TutorialInfo/watertile_top.png using Guid(a671aab9117abaf4b92e86916b5258e0) Importer(815301076,1909f56bfc062723c751e8b465ee728b)  -> (artifact id: '45650153b000460215920808e7e6e752') in 0.006438 seconds 
  Import took 0.012377 seconds .

========================================================================
Received Import Request.
  Time since last request: 0.000180 seconds.
  path: Assets/SampleSceneAssets/TutorialInfo/Baum_Kiefer.png
  artifactKey: Guid(890f4bc85b63e47458997bec4086c235) Importer(815301076,1909f56bfc062723c751e8b465ee728b)
Start importing Assets/SampleSceneAssets/TutorialInfo/Baum_Kiefer.png using Guid(890f4bc85b63e47458997bec4086c235) Importer(815301076,1909f56bfc062723c751e8b465ee728b)  -> (artifact id: '3a551f57fcfeb546f840806ca2e26c9b') in 0.011198 seconds 
  Import took 0.016225 seconds .

========================================================================
Received Import Request.
  Time since last request: 0.000382 seconds.
  path: Assets/SampleSceneAssets/TutorialInfo/grass.png
  artifactKey: Guid(3912cb14f785a3e4ebd6ff56f75596c6) Importer(815301076,1909f56bfc062723c751e8b465ee728b)
Start importing Assets/SampleSceneAssets/TutorialInfo/grass.png using Guid(3912cb14f785a3e4ebd6ff56f75596c6) Importer(815301076,1909f56bfc062723c751e8b465ee728b)  -> (artifact id: '93fe7aa9458d7567b087af51ba326b24') in 0.007360 seconds 
  Import took 0.013376 seconds .

========================================================================
Received Import Request.
  Time since last request: 0.000181 seconds.
  path: Assets/SampleSceneAssets/TutorialInfo/grasstile.png
  artifactKey: Guid(1928e4b1d0f3da64a8a53ed31fff4ebf) Importer(815301076,1909f56bfc062723c751e8b465ee728b)
Start importing Assets/SampleSceneAssets/TutorialInfo/grasstile.png using Guid(1928e4b1d0f3da64a8a53ed31fff4ebf) Importer(815301076,1909f56bfc062723c751e8b465ee728b)  -> (artifact id: '9225dc567039363c373f9871c876e641') in 0.006074 seconds 
  Import took 0.011581 seconds .

========================================================================
Received Import Request.
  Time since last request: 0.000200 seconds.
  path: Assets/SampleSceneAssets/TutorialInfo/Ratte.gif
  artifactKey: Guid(8ebb87641edc8c543a1d83647951c240) Importer(815301076,1909f56bfc062723c751e8b465ee728b)
Start importing Assets/SampleSceneAssets/TutorialInfo/Ratte.gif using Guid(8ebb87641edc8c543a1d83647951c240) Importer(815301076,1909f56bfc062723c751e8b465ee728b)  -> (artifact id: '62f63335b8359d84400c186670f0dd3f') in 0.025763 seconds 
  Import took 0.031723 seconds .

========================================================================
Received Import Request.
  Time since last request: 0.000182 seconds.
  path: Assets/SampleSceneAssets/TutorialInfo/Readme.asset
  artifactKey: Guid(83c2ed844a8c74b779a4c823d16594b1) Importer(815301076,1909f56bfc062723c751e8b465ee728b)
Start importing Assets/SampleSceneAssets/TutorialInfo/Readme.asset using Guid(83c2ed844a8c74b779a4c823d16594b1) Importer(815301076,1909f56bfc062723c751e8b465ee728b)  -> (artifact id: '17459b2593d337ebab0d120e775ef02f') in 0.008463 seconds 
  Import took 0.014409 seconds .

========================================================================
Received Import Request.
  Time since last request: 54.286289 seconds.
  path: Assets/SampleSceneAssets/TutorialInfo/untitled (1).prefab
  artifactKey: Guid(f88def2c48bfa1f419646a3b94b7f6b8) Importer(815301076,1909f56bfc062723c751e8b465ee728b)
Start importing Assets/SampleSceneAssets/TutorialInfo/untitled (1).prefab using Guid(f88def2c48bfa1f419646a3b94b7f6b8) Importer(815301076,1909f56bfc062723c751e8b465ee728b)  -> (artifact id: '63fd80e162f412228f985a9f78573438') in 0.027890 seconds 
  Import took 0.036873 seconds .

========================================================================
Received Prepare
Registering precompiled user dll's ...
Registered in 0.004647 seconds.
Begin MonoManager ReloadAssembly
Native extension for WindowsStandalone target not found
Refreshing native plugins compatible for Editor in 0.90 ms, found 2 plugins.
Preloading 0 native plugins for Editor in 0.00 ms.
Mono: successfully reloaded assembly
- Completed reload, in  1.287 seconds
Domain Reload Profiling:
	ReloadAssembly (1288ms)
		BeginReloadAssembly (166ms)
			ExecutionOrderSort (0ms)
			DisableScriptedObjects (24ms)
			BackupInstance (0ms)
			ReleaseScriptingObjects (0ms)
			CreateAndSetChildDomain (46ms)
		EndReloadAssembly (1060ms)
			LoadAssemblies (94ms)
			RebuildTransferFunctionScriptingTraits (0ms)
			SetupTypeCache (348ms)
			ReleaseScriptCaches (2ms)
			RebuildScriptCaches (66ms)
			SetupLoadedEditorAssemblies (323ms)
				LogAssemblyErrors (0ms)
				InitializePlatformSupportModulesInManaged (3ms)
				SetLoadedEditorAssemblies (0ms)
				RefreshPlugins (1ms)
				BeforeProcessingInitializeOnLoad (79ms)
				ProcessInitializeOnLoadAttributes (222ms)
				ProcessInitializeOnLoadMethodAttributes (12ms)
				AfterProcessingInitializeOnLoad (6ms)
				EditorAssembliesLoaded (0ms)
			ExecutionOrderSort2 (0ms)
			AwakeInstancesAfterBackupRestoration (8ms)
Platform modules already initialized, skipping
Refreshing native plugins compatible for Editor in 0.93 ms, found 2 plugins.
Preloading 0 native plugins for Editor in 0.00 ms.
Unloading 3984 Unused Serialized files (Serialized files now loaded: 0)
System memory in use before: 204.8 MB.
System memory in use after: 205.1 MB.

Unloading 16 unused Assets to reduce memory usage. Loaded Objects now: 4892.
Total: 3.580800 ms (FindLiveObjects: 0.364500 ms CreateObjectMapping: 0.096400 ms MarkObjects: 3.102200 ms  DeleteObjects: 0.016600 ms)

AssetImportParameters requested are different than current active one (requested -> active):
  custom:framework-win-MediaFoundation: 216162199b28c13a410421893ffa2e32 -> 
  custom:video-decoder-ogg-theora: a1e56fd34408186e4bbccfd4996cb3dc -> 
  custom:container-muxer-webm: aa71ff27fc2769a1b78a27578f13a17b -> 
  custom:container-demuxer-webm: 4f35f7cbe854078d1ac9338744f61a02 -> 
  custom:container-demuxer-ogg: 62fdf1f143b41e24485cea50d1cbac27 -> 
  custom:video-encoder-webm-vp8: eb34c28f22e8b96e1ab97ce403110664 -> 
  custom:video-decoder-webm-vp8: 9c59270c3fd7afecdb556c50c9e8de78 -> 
  custom:audio-decoder-ogg-vorbis: bf7c407c2cedff20999df2af8eb42d56 -> 
  custom:audio-encoder-webm-vorbis: bf7c407c2cedff20999df2af8eb42d56 -> 
AssetImportWorkerClient::OnTransportError - code=2 error=End of file
